[debug] [2018-06-14T10:38:18.673Z] ----------------------------------------------------------------------
[debug] [2018-06-14T10:38:18.675Z] Command:       /usr/local/bin/node /usr/local/bin/firebase deploy
[debug] [2018-06-14T10:38:18.675Z] CLI Version:   3.18.6
[debug] [2018-06-14T10:38:18.675Z] Platform:      linux
[debug] [2018-06-14T10:38:18.675Z] Node Version:  v8.0.0
[debug] [2018-06-14T10:38:18.675Z] Time:          Thu Jun 14 2018 13:38:18 GMT+0300 (EEST)
[debug] [2018-06-14T10:38:18.675Z] ----------------------------------------------------------------------
[debug] 
[debug] [2018-06-14T10:38:18.683Z] > command requires scopes: ["email","openid","https://www.googleapis.com/auth/cloudplatformprojects.readonly","https://www.googleapis.com/auth/firebase","https://www.googleapis.com/auth/cloud-platform"]
[debug] [2018-06-14T10:38:18.684Z] > authorizing via signed-in user
[debug] [2018-06-14T10:38:18.685Z] >>> HTTP REQUEST GET https://admin.firebase.com/v1/projects/fir-chatapplication-5a636  
  
 Thu Jun 14 2018 13:38:18 GMT+0300 (EEST)
[debug] [2018-06-14T10:38:19.493Z] <<< HTTP RESPONSE 200
[debug] [2018-06-14T10:38:19.494Z] >>> HTTP REQUEST GET https://admin.firebase.com/v1/database/fir-chatapplication-5a636/tokens  
  
 Thu Jun 14 2018 13:38:19 GMT+0300 (EEST)
[debug] [2018-06-14T10:38:20.164Z] <<< HTTP RESPONSE 200
[info] 
[info] === Deploying to 'fir-chatapplication-5a636'...
[info] 
[info] i  deploying functions
[info] Running command: npm --prefix "$RESOURCE_DIR" run lint
[info] ✔  functions: Finished running predeploy script.
[debug] [2018-06-14T10:38:23.342Z] > [functions] package.json contents: {
  "name": "functions",
  "description": "Cloud Functions for Firebase",
  "scripts": {
    "lint": "eslint .",
    "serve": "firebase serve --only functions",
    "shell": "firebase functions:shell",
    "start": "npm run shell",
    "deploy": "firebase deploy --only functions",
    "logs": "firebase functions:log"
  },
  "dependencies": {
    "firebase-admin": "~5.12.1",
    "firebase-functions": "^1.0.3"
  },
  "devDependencies": {
    "eslint": "^4.12.0",
    "eslint-plugin-promise": "^3.6.0"
  },
  "private": true
}
[info] i  functions: ensuring necessary APIs are enabled...
[debug] [2018-06-14T10:38:23.343Z] >>> HTTP REQUEST GET https://servicemanagement.googleapis.com/v1/services/cloudfunctions.googleapis.com/projectSettings/fir-chatapplication-5a636?view=CONSUMER_VIEW  
  
 Thu Jun 14 2018 13:38:23 GMT+0300 (EEST)
[debug] [2018-06-14T10:38:23.343Z] >>> HTTP REQUEST GET https://servicemanagement.googleapis.com/v1/services/runtimeconfig.googleapis.com/projectSettings/fir-chatapplication-5a636?view=CONSUMER_VIEW  
  
 Thu Jun 14 2018 13:38:23 GMT+0300 (EEST)
[debug] [2018-06-14T10:38:24.632Z] <<< HTTP RESPONSE 200
[debug] [2018-06-14T10:38:24.653Z] <<< HTTP RESPONSE 200
[info] ✔  functions: all necessary APIs are enabled
[debug] [2018-06-14T10:38:24.653Z] >>> HTTP REQUEST GET https://cloudresourcemanager.googleapis.com/v1/projects/fir-chatapplication-5a636  
  
 Thu Jun 14 2018 13:38:24 GMT+0300 (EEST)
[debug] [2018-06-14T10:38:25.500Z] <<< HTTP RESPONSE 200
[debug] [2018-06-14T10:38:25.500Z] >>> HTTP REQUEST GET https://mobilesdk-pa.googleapis.com/v1/projects/534743571431:getServerAppConfig  
  
 Thu Jun 14 2018 13:38:25 GMT+0300 (EEST)
[debug] [2018-06-14T10:38:25.994Z] <<< HTTP RESPONSE 200
[info] i  functions: preparing functions directory for uploading...
[debug] [2018-06-14T10:38:25.995Z] >>> HTTP REQUEST GET https://runtimeconfig.googleapis.com/v1beta1/projects/fir-chatapplication-5a636/configs  
  
 Thu Jun 14 2018 13:38:25 GMT+0300 (EEST)
[debug] [2018-06-14T10:38:26.826Z] <<< HTTP RESPONSE 200
[debug] [2018-06-14T10:38:26.943Z] TypeError: Cannot read property 'pipesCount' of undefined
    at module.exports.Readable.pipe (_stream_readable.js:545:16)
    at module.exports.ZipArchiveOutputStream._smartStream (/usr/local/lib/node_modules/firebase-tools/node_modules/compress-commons/lib/archivers/zip/zip-archive-output-stream.js:184:11)
    at module.exports.ZipArchiveOutputStream._appendBuffer (/usr/local/lib/node_modules/firebase-tools/node_modules/compress-commons/lib/archivers/zip/zip-archive-output-stream.js:82:10)
    at module.exports.ArchiveOutputStream.entry (/usr/local/lib/node_modules/firebase-tools/node_modules/compress-commons/lib/archivers/archive-output-stream.js:86:10)
    at module.exports.ZipStream.entry (/usr/local/lib/node_modules/firebase-tools/node_modules/zip-stream/index.js:157:49)
    at Zip.append (/usr/local/lib/node_modules/firebase-tools/node_modules/archiver/lib/plugins/zip.js:54:15)
    at Archiver._moduleAppend (/usr/local/lib/node_modules/firebase-tools/node_modules/archiver/lib/core.js:179:16)
    at Archiver._onQueueTask (/usr/local/lib/node_modules/firebase-tools/node_modules/archiver/lib/core.js:400:8)
    at /usr/local/lib/node_modules/firebase-tools/node_modules/async/dist/async.js:4096:9
    at Object.process (/usr/local/lib/node_modules/firebase-tools/node_modules/async/dist/async.js:2344:17)
[error] 
[error] Error: An unexpected error has occurred.
[debug] [2018-06-14T10:49:29.835Z] ----------------------------------------------------------------------
[debug] [2018-06-14T10:49:29.837Z] Command:       /usr/local/bin/node /usr/local/bin/firebase deploy
[debug] [2018-06-14T10:49:29.837Z] CLI Version:   3.18.6
[debug] [2018-06-14T10:49:29.837Z] Platform:      linux
[debug] [2018-06-14T10:49:29.837Z] Node Version:  v10.4.1
[debug] [2018-06-14T10:49:29.837Z] Time:          Thu Jun 14 2018 13:49:29 GMT+0300 (Eastern European Summer Time)
[debug] [2018-06-14T10:49:29.837Z] ----------------------------------------------------------------------
[debug] 
[debug] [2018-06-14T10:49:29.844Z] > command requires scopes: ["email","openid","https://www.googleapis.com/auth/cloudplatformprojects.readonly","https://www.googleapis.com/auth/firebase","https://www.googleapis.com/auth/cloud-platform"]
[debug] [2018-06-14T10:49:29.845Z] > authorizing via signed-in user
[debug] [2018-06-14T10:49:29.846Z] >>> HTTP REQUEST GET https://admin.firebase.com/v1/projects/fir-chatapplication-5a636  
  
 Thu Jun 14 2018 13:49:29 GMT+0300 (Eastern European Summer Time)
[debug] [2018-06-14T10:49:30.704Z] <<< HTTP RESPONSE 200
[debug] [2018-06-14T10:49:30.706Z] >>> HTTP REQUEST GET https://admin.firebase.com/v1/database/fir-chatapplication-5a636/tokens  
  
 Thu Jun 14 2018 13:49:30 GMT+0300 (Eastern European Summer Time)
[debug] [2018-06-14T10:49:31.414Z] <<< HTTP RESPONSE 200
[info] 
[info] === Deploying to 'fir-chatapplication-5a636'...
[info] 
[info] i  deploying functions
[info] Running command: npm --prefix "$RESOURCE_DIR" run lint
[info] ✔  functions: Finished running predeploy script.
[debug] [2018-06-14T10:49:34.379Z] > [functions] package.json contents: {
  "name": "functions",
  "description": "Cloud Functions for Firebase",
  "scripts": {
    "lint": "eslint .",
    "serve": "firebase serve --only functions",
    "shell": "firebase functions:shell",
    "start": "npm run shell",
    "deploy": "firebase deploy --only functions",
    "logs": "firebase functions:log"
  },
  "dependencies": {
    "firebase-admin": "~5.12.1",
    "firebase-functions": "^1.0.3"
  },
  "devDependencies": {
    "eslint": "^4.12.0",
    "eslint-plugin-promise": "^3.6.0"
  },
  "private": true
}
[info] i  functions: ensuring necessary APIs are enabled...
[debug] [2018-06-14T10:49:34.380Z] >>> HTTP REQUEST GET https://servicemanagement.googleapis.com/v1/services/cloudfunctions.googleapis.com/projectSettings/fir-chatapplication-5a636?view=CONSUMER_VIEW  
  
 Thu Jun 14 2018 13:49:34 GMT+0300 (Eastern European Summer Time)
[debug] [2018-06-14T10:49:34.380Z] >>> HTTP REQUEST GET https://servicemanagement.googleapis.com/v1/services/runtimeconfig.googleapis.com/projectSettings/fir-chatapplication-5a636?view=CONSUMER_VIEW  
  
 Thu Jun 14 2018 13:49:34 GMT+0300 (Eastern European Summer Time)
[debug] [2018-06-14T10:49:35.519Z] <<< HTTP RESPONSE 200
[debug] [2018-06-14T10:49:35.567Z] <<< HTTP RESPONSE 200
[info] ✔  functions: all necessary APIs are enabled
[debug] [2018-06-14T10:49:35.568Z] >>> HTTP REQUEST GET https://cloudresourcemanager.googleapis.com/v1/projects/fir-chatapplication-5a636  
  
 Thu Jun 14 2018 13:49:35 GMT+0300 (Eastern European Summer Time)
[debug] [2018-06-14T10:49:36.557Z] <<< HTTP RESPONSE 200
[debug] [2018-06-14T10:49:36.557Z] >>> HTTP REQUEST GET https://mobilesdk-pa.googleapis.com/v1/projects/534743571431:getServerAppConfig  
  
 Thu Jun 14 2018 13:49:36 GMT+0300 (Eastern European Summer Time)
[debug] [2018-06-14T10:49:37.010Z] <<< HTTP RESPONSE 200
[info] i  functions: preparing functions directory for uploading...
[debug] [2018-06-14T10:49:37.011Z] >>> HTTP REQUEST GET https://runtimeconfig.googleapis.com/v1beta1/projects/fir-chatapplication-5a636/configs  
  
 Thu Jun 14 2018 13:49:37 GMT+0300 (Eastern European Summer Time)
[debug] [2018-06-14T10:49:37.295Z] <<< HTTP RESPONSE 200
[info] i  functions: packaged functions (50.34 KB) for uploading
[debug] [2018-06-14T10:49:37.431Z] >>> HTTP REQUEST POST https://cloudfunctions.googleapis.com/v1/projects/fir-chatapplication-5a636/locations/us-central1/functions:generateUploadUrl  
  
 Thu Jun 14 2018 13:49:37 GMT+0300 (Eastern European Summer Time)
[debug] [2018-06-14T10:50:07.608Z] <<< HTTP RESPONSE 503
[debug] [2018-06-14T10:50:07.608Z] <<< HTTP RESPONSE BODY {
  "error": {
    "code": 503,
    "message": "The service is currently unavailable.",
    "status": "UNAVAILABLE"
  }
}

[debug] [2018-06-14T10:50:07.609Z] TypeError: Cannot create property 'error' on string '{
  "error": {
    "code": 503,
    "message": "The service is currently unavailable.",
    "status": "UNAVAILABLE"
  }
}
'
    at module.exports (/usr/local/lib/node_modules/firebase-tools/lib/responseToError.js:11:16)
    at Request._callback (/usr/local/lib/node_modules/firebase-tools/lib/api.js:47:25)
    at Request.self.callback (/usr/local/lib/node_modules/firebase-tools/node_modules/request/request.js:185:22)
    at Request.emit (events.js:182:13)
    at Request.EventEmitter.emit (domain.js:442:20)
    at Request.<anonymous> (/usr/local/lib/node_modules/firebase-tools/node_modules/request/request.js:1157:10)
    at Request.emit (events.js:182:13)
    at Request.EventEmitter.emit (domain.js:442:20)
    at IncomingMessage.<anonymous> (/usr/local/lib/node_modules/firebase-tools/node_modules/request/request.js:1079:12)
    at Object.onceWrapper (events.js:273:13)
[error] 
[error] Error: An unexpected error has occurred.
